0 info it worked if it ends with ok
1 verbose cli [ '/usr/local/bin/node', '/usr/local/bin/npm', 'run', 'compile' ]
2 info using npm@3.9.3
3 info using node@v6.2.1
4 verbose run-script [ 'precompile', 'compile', 'postcompile' ]
5 info lifecycle ForceCode@0.1.3~precompile: ForceCode@0.1.3
6 silly lifecycle ForceCode@0.1.3~precompile: no script for precompile, continuing
7 info lifecycle ForceCode@0.1.3~compile: ForceCode@0.1.3
8 verbose lifecycle ForceCode@0.1.3~compile: unsafe-perm in lifecycle true
9 verbose lifecycle ForceCode@0.1.3~compile: PATH: /usr/local/lib/node_modules/npm/bin/node-gyp-bin:/Users/John/Github/ForceCode/node_modules/.bin:/usr/local/bin:/users/john:/usr/local/bin:/usr/bin:/bin:/usr/sbin:/sbin:/Users/John/.npm-packages/bin:/usr/bin/git:/usr/local/sbin:/usr/local/bin:/usr/bin:/usr/bin/core_perl:/Users/John/.npm-packages/bin:/usr/local/google_appengine/lib/django-1.5/django/bin/
10 verbose lifecycle ForceCode@0.1.3~compile: CWD: /Users/John/Github/ForceCode
11 silly lifecycle ForceCode@0.1.3~compile: Args: [ '-c', 'node ./node_modules/vscode/bin/compile -p ./' ]
12 silly lifecycle ForceCode@0.1.3~compile: Returned: code: 2  signal: null
13 info lifecycle ForceCode@0.1.3~compile: Failed to exec compile script
14 verbose stack Error: ForceCode@0.1.3 compile: `node ./node_modules/vscode/bin/compile -p ./`
14 verbose stack Exit status 2
14 verbose stack     at EventEmitter.<anonymous> (/usr/local/lib/node_modules/npm/lib/utils/lifecycle.js:245:16)
14 verbose stack     at emitTwo (events.js:106:13)
14 verbose stack     at EventEmitter.emit (events.js:191:7)
14 verbose stack     at ChildProcess.<anonymous> (/usr/local/lib/node_modules/npm/lib/utils/spawn.js:24:14)
14 verbose stack     at emitTwo (events.js:106:13)
14 verbose stack     at ChildProcess.emit (events.js:191:7)
14 verbose stack     at maybeClose (internal/child_process.js:852:16)
14 verbose stack     at Process.ChildProcess._handle.onexit (internal/child_process.js:215:5)
15 verbose pkgid ForceCode@0.1.3
16 verbose cwd /Users/John/Github/ForceCode
17 error Darwin 15.5.0
18 error argv "/usr/local/bin/node" "/usr/local/bin/npm" "run" "compile"
19 error node v6.2.1
20 error npm  v3.9.3
21 error code ELIFECYCLE
22 error ForceCode@0.1.3 compile: `node ./node_modules/vscode/bin/compile -p ./`
22 error Exit status 2
23 error Failed at the ForceCode@0.1.3 compile script 'node ./node_modules/vscode/bin/compile -p ./'.
23 error Make sure you have the latest version of node.js and npm installed.
23 error If you do, this is most likely a problem with the ForceCode package,
23 error not with npm itself.
23 error Tell the author that this fails on your system:
23 error     node ./node_modules/vscode/bin/compile -p ./
23 error You can get information on how to open an issue for this project with:
23 error     npm bugs ForceCode
23 error Or if that isn't available, you can get their info via:
23 error     npm owner ls ForceCode
23 error There is likely additional logging output above.
24 verbose exit [ 1, true ]
